[2026-04-09 19:21:04] [DEBUG] Конфигурация [settings.conf] успешно загружена.
[2026-04-09 19:21:04] [DEBUG] Применена конфигурация: settings.conf
[2026-04-09 19:21:04] [DEBUG] Выполнена пост-инициализация init_logger
[2026-04-09 19:21:04] [ERROR] Скрипт завершился с ошибкой: 1
[2026-04-09 19:33:25] [DEBUG] Конфигурация [settings.conf] успешно загружена.
[2026-04-09 19:33:25] [DEBUG] Применена конфигурация: settings.conf
[2026-04-09 19:33:25] [DEBUG] Выполнена пост-инициализация init_logger
[2026-04-09 19:33:25] [ERROR] Скрипт завершился с ошибкой: 1
[2026-04-09 19:40:23] [DEBUG] Конфигурация [settings.conf] успешно загружена.
[2026-04-09 19:40:23] [DEBUG] Применена конфигурация: settings.conf
[2026-04-09 19:40:23] [DEBUG] Выполнена пост-инициализация init_logger
[2026-04-09 19:40:23] [DEBUG] Библиотека [utils] успешно импортирована
[2026-04-09 19:40:23] [DEBUG] Модуль [utils] инициализирован.
[2026-04-09 19:40:23] [DEBUG] Библиотека [backup] успешно импортирована
[2026-04-09 19:40:23] [DEBUG] Модуль [backup] инициализирован.
[2026-04-09 19:40:23] [DEBUG] Библиотека [installer] успешно импортирована
[2026-04-09 19:40:23] [DEBUG] Модуль [installer] инициализирован.
[2026-04-09 19:40:23] [DEBUG] Библиотека [transaction] успешно импортирована
[2026-04-09 19:40:23] [DEBUG] Модуль [transaction] инициализирован.
[2026-04-09 19:40:23] [DEBUG] Библиотека [provisioner] успешно импортирована
[2026-04-09 19:40:23] [DEBUG] Модуль [provisioner] инициализирован.
[2026-04-09 19:40:23] [DEBUG] Ядро системы инициализировано. Strict mode: ON.
[2026-04-09 19:40:23] [INFO] --- Ядро успешно подключено в защищенном режиме. ---
