[2026-04-10 16:44:00] [DEBUG] Конфигурация [settings.conf] успешно загружена.
[2026-04-10 16:44:00] [DEBUG] Применена конфигурация: settings.conf
[2026-04-10 16:44:00] [DEBUG] Выполнена пост-инициализация init_logger
[2026-04-10 16:44:00] [DEBUG] Библиотека [utils] успешно импортирована
[2026-04-10 16:44:00] [DEBUG] Модуль [utils] инициализирован.
[2026-04-10 16:44:00] [DEBUG] Библиотека [backup] успешно импортирована
[2026-04-10 16:44:00] [DEBUG] Модуль [backup] инициализирован.
[2026-04-10 16:44:00] [DEBUG] Библиотека [installer] успешно импортирована
[2026-04-10 16:44:00] [DEBUG] Модуль [installer] инициализирован.
[2026-04-10 16:44:00] [DEBUG] Библиотека [transaction] успешно импортирована
[2026-04-10 16:44:00] [DEBUG] Модуль [transaction] инициализирован.
[2026-04-10 16:44:00] [DEBUG] Библиотека [provisioner] успешно импортирована
[2026-04-10 16:44:00] [DEBUG] Модуль [provisioner] инициализирован.
[2026-04-10 16:44:00] [DEBUG] Ядро системы инициализировано. Strict mode: ON.
[2026-04-10 16:44:00] [INFO] --- Ядро успешно подключено в защищенном режиме. ---
[2026-04-10 16:44:00] [INFO] >>> НАЧАЛО РАЗВЕРТЫВАНИЯ FIREWALL (nftables)  <<<-
[2026-04-10 16:44:00] [INFO] --- Проверка наличия прав root ---
[2026-04-10 16:44:00] [INFO] --- Загрузка переменных из настроек приложения ---
[2026-04-10 16:44:00] [WARN] Файл окружения /home/aleksandr_ruban/projects/default/env//home/aleksandr_ruban/projects/default/config/nftables/nftables.env.env не найден. Используются дефолты.
[2026-04-10 16:55:38] [DEBUG] Конфигурация [settings.conf] успешно загружена.
[2026-04-10 16:55:38] [DEBUG] Применена конфигурация: settings.conf
[2026-04-10 16:55:38] [DEBUG] Выполнена пост-инициализация init_logger
[2026-04-10 16:55:38] [DEBUG] Библиотека [utils] успешно импортирована
[2026-04-10 16:55:38] [DEBUG] Модуль [utils] инициализирован.
[2026-04-10 16:55:38] [DEBUG] Библиотека [backup] успешно импортирована
[2026-04-10 16:55:38] [DEBUG] Модуль [backup] инициализирован.
[2026-04-10 16:55:38] [DEBUG] Библиотека [installer] успешно импортирована
[2026-04-10 16:55:38] [DEBUG] Модуль [installer] инициализирован.
[2026-04-10 16:55:38] [DEBUG] Библиотека [transaction] успешно импортирована
[2026-04-10 16:55:38] [DEBUG] Модуль [transaction] инициализирован.
[2026-04-10 16:55:38] [DEBUG] Библиотека [provisioner] успешно импортирована
[2026-04-10 16:55:38] [DEBUG] Модуль [provisioner] инициализирован.
[2026-04-10 16:55:38] [DEBUG] Ядро системы инициализировано. Strict mode: ON.
[2026-04-10 16:55:38] [INFO] --- Ядро успешно подключено в защищенном режиме. ---
[2026-04-10 16:55:38] [INFO] >>> НАЧАЛО РАЗВЕРТЫВАНИЯ FIREWALL (nftables)  <<<-
[2026-04-10 16:55:38] [INFO] --- Проверка наличия прав root ---
[2026-04-10 16:55:38] [INFO] --- Загрузка переменных из настроек приложения ---
[2026-04-10 16:55:38] [DEBUG] Загрузка переменных окружения из: /home/aleksandr_ruban/projects/default/config/nftables/nftables.env
[2026-04-10 16:55:38] [OK] Файл окружения [/home/aleksandr_ruban/projects/default/config/nftables/nftables.env] успешно применен.
[2026-04-10 16:55:38] [INFO] --- Проверка и автоматическое определение интерфейса ---
[2026-04-10 16:55:38] [INFO] --- Установка Firewall (nftables) и зависимостей ---
[2026-04-10 16:55:38] [INFO] Анализ зависимостей...
[2026-04-10 16:55:38] [OK] Все зависимости уже удовлетворены.
[2026-04-10 16:55:38] [INFO] === ИНИЦИАЛИЗАЦИЯ ТРАНЗАКЦИИ ===
[2026-04-10 16:55:38] [INFO] === ЗАПУСК BACKUP ===
[2026-04-10 16:55:38] [DEBUG] Модуль бэкапа готов. Проект: nftables
[2026-04-10 16:55:38] [DEBUG] Путь не задан, создаю временную директорию...
[2026-04-10 16:55:38] [DEBUG] Используется существующее хранилище бэкапов: /home/aleksandr_ruban/projects/default/var/backups
[2026-04-10 16:55:38] [WARN] Связка 'tar -I 'zstd -T0'' + '.tar.zst' не работает (ошибка флагов).
[2026-04-10 16:55:38] [INFO] Переключаюсь на стандартный gzip: tar -cz
[2026-04-10 16:55:38] [INFO] === Инициализация бэкапа завершена ===
[2026-04-10 16:55:38] [INFO] --- Создаем backup версию ---
[2026-04-10 16:55:38] [INFO] --- Настройка инфраструктуры Firewall (nftables) ---
[2026-04-10 16:55:38] [INFO] >>> Настройка:  []
[2026-04-10 18:20:54] [DEBUG] Конфигурация [settings.conf] успешно загружена.
[2026-04-10 18:20:54] [DEBUG] Применена конфигурация: settings.conf
[2026-04-10 18:20:54] [DEBUG] Выполнена пост-инициализация init_logger
[2026-04-10 18:20:54] [DEBUG] Библиотека [utils] успешно импортирована
[2026-04-10 18:20:54] [DEBUG] Модуль [utils] инициализирован.
[2026-04-10 18:20:54] [DEBUG] Библиотека [backup] успешно импортирована
[2026-04-10 18:20:54] [DEBUG] Модуль [backup] инициализирован.
[2026-04-10 18:20:54] [DEBUG] Библиотека [installer] успешно импортирована
[2026-04-10 18:20:54] [DEBUG] Модуль [installer] инициализирован.
[2026-04-10 18:20:54] [DEBUG] Библиотека [transaction] успешно импортирована
[2026-04-10 18:20:54] [DEBUG] Модуль [transaction] инициализирован.
[2026-04-10 18:20:54] [DEBUG] Библиотека [provisioner] успешно импортирована
[2026-04-10 18:20:54] [DEBUG] Модуль [provisioner] инициализирован.
[2026-04-10 18:20:54] [DEBUG] Ядро системы инициализировано. Strict mode: ON.
[2026-04-10 18:20:54] [INFO] --- Ядро успешно подключено в защищенном режиме. ---
[2026-04-10 18:20:54] [INFO] >>> НАЧАЛО РАЗВЕРТЫВАНИЯ FIREWALL (nftables)  <<<-
[2026-04-10 18:20:54] [INFO] --- Проверка наличия прав root ---
[2026-04-10 18:20:54] [INFO] --- Загрузка переменных из настроек приложения ---
[2026-04-10 18:20:54] [DEBUG] Загрузка переменных окружения из: /home/aleksandr_ruban/projects/default/config/nftables/nftables.env
[2026-04-10 18:20:54] [OK] Файл окружения [/home/aleksandr_ruban/projects/default/config/nftables/nftables.env] успешно применен.
[2026-04-10 18:20:54] [INFO] --- Проверка и автоматическое определение интерфейса ---
[2026-04-10 18:20:54] [INFO] --- Установка Firewall (nftables) и зависимостей ---
[2026-04-10 18:20:54] [INFO] Анализ зависимостей nftables rsyslog
[2026-04-10 18:20:54] [INFO] Выполнение установки: nftables rsyslog...
[2026-04-10 18:20:54] [INFO] Обновление кэша...
[2026-04-10 18:20:54] [WARN] Не удалось обновить кэш пакетов, пробуем установить так...
[2026-04-10 18:20:54] [INFO] Установка...
[2026-04-10 18:20:54] [ERROR] Критический сбой при установке пакетов.
[2026-04-10 18:30:24] [DEBUG] Конфигурация [settings.conf] успешно загружена.
[2026-04-10 18:30:24] [DEBUG] Применена конфигурация: settings.conf
[2026-04-10 18:30:24] [DEBUG] Выполнена пост-инициализация init_logger
[2026-04-10 18:30:24] [DEBUG] Библиотека [utils] успешно импортирована
[2026-04-10 18:30:24] [DEBUG] Модуль [utils] инициализирован.
[2026-04-10 18:30:24] [DEBUG] Библиотека [backup] успешно импортирована
[2026-04-10 18:30:24] [DEBUG] Модуль [backup] инициализирован.
[2026-04-10 18:30:24] [DEBUG] Библиотека [installer] успешно импортирована
[2026-04-10 18:30:24] [DEBUG] Модуль [installer] инициализирован.
[2026-04-10 18:30:24] [DEBUG] Библиотека [transaction] успешно импортирована
[2026-04-10 18:30:24] [DEBUG] Модуль [transaction] инициализирован.
[2026-04-10 18:30:24] [DEBUG] Библиотека [provisioner] успешно импортирована
[2026-04-10 18:30:24] [DEBUG] Модуль [provisioner] инициализирован.
[2026-04-10 18:30:24] [DEBUG] Ядро системы инициализировано. Strict mode: ON.
[2026-04-10 18:30:24] [INFO] --- Ядро успешно подключено в защищенном режиме. ---
[2026-04-10 18:30:24] [INFO] >>> НАЧАЛО РАЗВЕРТЫВАНИЯ FIREWALL (nftables)  <<<-
[2026-04-10 18:30:24] [INFO] --- Проверка наличия прав root ---
[2026-04-10 18:30:24] [INFO] --- Загрузка переменных из настроек приложения ---
[2026-04-10 18:30:24] [DEBUG] Загрузка переменных окружения из: /home/aleksandr_ruban/projects/default/config/nftables/nftables.env
[2026-04-10 18:30:24] [OK] Файл окружения [/home/aleksandr_ruban/projects/default/config/nftables/nftables.env] успешно применен.
[2026-04-10 18:30:24] [INFO] --- Проверка и автоматическое определение интерфейса ---
[2026-04-10 18:30:24] [INFO] --- Установка Firewall (nftables) и зависимостей ---
[2026-04-10 18:30:24] [INFO] Анализ зависимостей nftables rsyslog
[2026-04-10 18:30:24] [INFO] Выполнение установки: nftables rsyslog...
[2026-04-10 18:30:24] [INFO] Обновление кэша...
[2026-04-10 18:30:24] [WARN] Не удалось обновить кэш пакетов, пробуем установить так...
[2026-04-10 18:30:24] [INFO] Установка...
[2026-04-10 18:30:24] [ERROR] Критический сбой при установке пакетов.
[2026-04-20 19:21:53] [DEBUG] Конфигурация [settings.conf] успешно загружена.
[2026-04-20 19:21:53] [DEBUG] Применена конфигурация: settings.conf
[2026-04-20 19:21:53] [DEBUG] Выполнена пост-инициализация init_logger
[2026-04-20 19:21:53] [DEBUG] Библиотека [utils] успешно импортирована
[2026-04-20 19:21:53] [DEBUG] Модуль [utils] инициализирован.
[2026-04-20 19:21:53] [DEBUG] Библиотека [backup] успешно импортирована
[2026-04-20 19:21:53] [DEBUG] Модуль [backup] инициализирован.
[2026-04-20 19:21:53] [DEBUG] Библиотека [installer] успешно импортирована
[2026-04-20 19:21:53] [DEBUG] Модуль [installer] инициализирован.
[2026-04-20 19:21:53] [DEBUG] Библиотека [transaction] успешно импортирована
[2026-04-20 19:21:53] [DEBUG] Модуль [transaction] инициализирован.
[2026-04-20 19:21:53] [DEBUG] Библиотека [provisioner] успешно импортирована
[2026-04-20 19:21:53] [DEBUG] Модуль [provisioner] инициализирован.
[2026-04-20 19:21:53] [DEBUG] Ядро системы инициализировано. Strict mode: ON.
[2026-04-20 19:21:53] [INFO] --- Ядро успешно подключено в защищенном режиме. ---
[2026-04-20 19:21:53] [INFO] >>> НАЧАЛО РАЗВЕРТЫВАНИЯ FIREWALL (nftables)  <<<-
[2026-04-20 19:21:53] [INFO] --- Проверка наличия прав root ---
[2026-04-20 19:21:53] [INFO] --- Загрузка переменных из настроек приложения ---
[2026-04-20 19:21:53] [DEBUG] Загрузка переменных окружения из: /home/aleksandr_ruban/projects/default/config/nftables/nftables.env
[2026-04-20 19:21:53] [OK] Файл окружения [/home/aleksandr_ruban/projects/default/config/nftables/nftables.env] успешно применен.
[2026-04-20 19:21:53] [INFO] --- Проверка и автоматическое определение интерфейса ---
[2026-04-20 19:21:53] [INFO] --- Установка Firewall (nftables) и зависимостей ---
[2026-04-20 19:21:53] [INFO] Анализ зависимостей nftables rsyslog
[2026-04-20 19:21:53] [INFO] Выполнение установки: nftables rsyslog...
[2026-04-20 19:21:53] [INFO] Обновление кэша...
[2026-04-20 19:21:53] [INFO] apt-get update -y -qq
[2026-04-20 19:21:53] [WARN] Не удалось обновить кэш пакетов, пробуем установить так...
[2026-04-20 19:21:53] [INFO] Установка...
[2026-04-20 19:21:53] [INFO] apt-get install -y -qq nftables rsyslog
[2026-04-20 19:21:53] [ERROR] Критический сбой при установке пакетов.
[2026-04-20 19:50:35] [DEBUG] Конфигурация [settings.conf] успешно загружена.
[2026-04-20 19:50:35] [DEBUG] Применена конфигурация: settings.conf
[2026-04-20 19:50:35] [DEBUG] Выполнена пост-инициализация init_logger
[2026-04-20 19:50:35] [DEBUG] Библиотека [utils] успешно импортирована
[2026-04-20 19:50:35] [DEBUG] Модуль [utils] инициализирован.
[2026-04-20 19:50:35] [DEBUG] Библиотека [backup] успешно импортирована
[2026-04-20 19:50:35] [DEBUG] Модуль [backup] инициализирован.
[2026-04-20 19:50:35] [DEBUG] Библиотека [installer] успешно импортирована
[2026-04-20 19:50:35] [DEBUG] Модуль [installer] инициализирован.
[2026-04-20 19:50:35] [DEBUG] Библиотека [transaction] успешно импортирована
[2026-04-20 19:50:35] [DEBUG] Модуль [transaction] инициализирован.
[2026-04-20 19:50:35] [DEBUG] Библиотека [provisioner] успешно импортирована
[2026-04-20 19:50:35] [DEBUG] Модуль [provisioner] инициализирован.
[2026-04-20 19:50:35] [DEBUG] Ядро системы инициализировано. Strict mode: ON.
[2026-04-20 19:50:35] [INFO] --- Ядро успешно подключено в защищенном режиме. ---
[2026-04-20 19:50:35] [INFO] >>> НАЧАЛО РАЗВЕРТЫВАНИЯ FIREWALL (nftables)  <<<-
[2026-04-20 19:50:35] [INFO] --- Проверка наличия прав root ---
[2026-04-20 19:50:35] [INFO] --- Загрузка переменных из настроек приложения ---
[2026-04-20 19:50:35] [DEBUG] Загрузка переменных окружения из: /home/aleksandr_ruban/projects/default/config/nftables/nftables.env
[2026-04-20 19:50:35] [OK] Файл окружения [/home/aleksandr_ruban/projects/default/config/nftables/nftables.env] успешно применен.
[2026-04-20 19:50:35] [INFO] --- Проверка и автоматическое определение интерфейса ---
[2026-04-20 19:50:35] [INFO] --- Установка Firewall (nftables) и зависимостей ---
[2026-04-20 19:50:35] [INFO] Анализ зависимостей nftables rsyslog
[2026-04-20 19:50:35] [INFO] Выполнение установки: nftables rsyslog...
[2026-04-20 19:50:35] [INFO] Обновление кэша...
[2026-04-20 19:50:35] [INFO] apt-get update -y -qq
[2026-04-20 19:50:35] [WARN] Не удалось обновить кэш пакетов, пробуем установить так...
[2026-04-20 19:50:35] [INFO] Установка пакетов...
[2026-04-20 19:50:35] [INFO] apt-get install -y -qq nftables rsyslog
[2026-04-20 19:50:35] [ERROR] Критический сбой при установке пакетов.
[2026-04-20 20:06:32] [DEBUG] Конфигурация [settings.conf] успешно загружена.
[2026-04-20 20:06:32] [DEBUG] Применена конфигурация: settings.conf
[2026-04-20 20:06:32] [DEBUG] Выполнена пост-инициализация init_logger
[2026-04-20 20:06:32] [DEBUG] Библиотека [utils] успешно импортирована
[2026-04-20 20:06:32] [DEBUG] Модуль [utils] инициализирован.
[2026-04-20 20:06:32] [DEBUG] Библиотека [backup] успешно импортирована
[2026-04-20 20:06:32] [DEBUG] Модуль [backup] инициализирован.
[2026-04-20 20:06:32] [DEBUG] Библиотека [installer] успешно импортирована
[2026-04-20 20:06:32] [DEBUG] Модуль [installer] инициализирован.
[2026-04-20 20:06:32] [DEBUG] Библиотека [transaction] успешно импортирована
[2026-04-20 20:06:32] [DEBUG] Модуль [transaction] инициализирован.
[2026-04-20 20:06:32] [DEBUG] Библиотека [provisioner] успешно импортирована
[2026-04-20 20:06:32] [DEBUG] Модуль [provisioner] инициализирован.
[2026-04-20 20:06:32] [DEBUG] Ядро системы инициализировано. Strict mode: ON.
[2026-04-20 20:06:32] [INFO] --- Ядро успешно подключено в защищенном режиме. ---
[2026-04-20 20:06:32] [INFO] >>> НАЧАЛО РАЗВЕРТЫВАНИЯ FIREWALL (nftables)  <<<-
[2026-04-20 20:06:32] [INFO] --- Проверка наличия прав root ---
[2026-04-20 20:06:32] [INFO] --- Загрузка переменных из настроек приложения ---
[2026-04-20 20:06:32] [DEBUG] Загрузка переменных окружения из: /home/aleksandr_ruban/projects/default/config/nftables/nftables.env
[2026-04-20 20:06:32] [OK] Файл окружения [/home/aleksandr_ruban/projects/default/config/nftables/nftables.env] успешно применен.
[2026-04-20 20:06:32] [INFO] --- Проверка и автоматическое определение интерфейса ---
[2026-04-20 20:06:32] [INFO] --- Установка Firewall (nftables) и зависимостей ---
[2026-04-20 20:06:32] [INFO] Анализ зависимостей nftables rsyslog
[2026-04-20 20:06:32] [INFO] Выполнение установки: nftables rsyslog...
[2026-04-20 20:06:32] [INFO] Обновление кэша...
[2026-04-20 20:06:32] [INFO] apt-get update -y -qq
[2026-04-20 20:06:32] [WARN] Не удалось обновить кэш пакетов, пробуем установить так...
[2026-04-20 20:06:32] [INFO] Установка пакетов...
[2026-04-20 20:06:32] [INFO] apt-get install -y -qq nftables rsyslog
[2026-04-20 20:06:32] [ERROR] Критический сбой при установке пакетов.
[2026-04-20 20:14:49] [DEBUG] Конфигурация [settings.conf] успешно загружена.
[2026-04-20 20:14:49] [DEBUG] Применена конфигурация: settings.conf
[2026-04-20 20:14:49] [DEBUG] Выполнена пост-инициализация init_logger
[2026-04-20 20:14:49] [DEBUG] Библиотека [utils] успешно импортирована
[2026-04-20 20:14:49] [DEBUG] Модуль [utils] инициализирован.
[2026-04-20 20:14:49] [DEBUG] Библиотека [backup] успешно импортирована
[2026-04-20 20:14:49] [DEBUG] Модуль [backup] инициализирован.
[2026-04-20 20:14:49] [DEBUG] Библиотека [installer] успешно импортирована
[2026-04-20 20:14:49] [DEBUG] Модуль [installer] инициализирован.
[2026-04-20 20:14:49] [DEBUG] Библиотека [transaction] успешно импортирована
[2026-04-20 20:14:49] [DEBUG] Модуль [transaction] инициализирован.
[2026-04-20 20:14:49] [DEBUG] Библиотека [provisioner] успешно импортирована
[2026-04-20 20:14:49] [DEBUG] Модуль [provisioner] инициализирован.
[2026-04-20 20:14:49] [DEBUG] Ядро системы инициализировано. Strict mode: ON.
[2026-04-20 20:14:49] [INFO] --- Ядро успешно подключено в защищенном режиме. ---
[2026-04-20 20:14:49] [INFO] >>> НАЧАЛО РАЗВЕРТЫВАНИЯ FIREWALL (nftables)  <<<-
[2026-04-20 20:14:49] [INFO] --- Проверка наличия прав root ---
[2026-04-20 20:14:49] [INFO] --- Загрузка переменных из настроек приложения ---
[2026-04-20 20:14:49] [DEBUG] Загрузка переменных окружения из: /home/aleksandr_ruban/projects/default/config/nftables/nftables.env
[2026-04-20 20:14:49] [OK] Файл окружения [/home/aleksandr_ruban/projects/default/config/nftables/nftables.env] успешно применен.
[2026-04-20 20:14:49] [INFO] --- Проверка и автоматическое определение интерфейса ---
[2026-04-20 20:14:49] [INFO] --- Установка Firewall (nftables) и зависимостей ---
[2026-04-20 20:14:49] [INFO] Анализ зависимостей nftables rsyslog
[2026-04-20 20:14:49] [INFO] Выполнение установки: nftables rsyslog...
[2026-04-20 20:14:49] [INFO] Обновление кэша...
[2026-04-20 20:14:49] [WARN] Не удалось обновить кэш пакетов, пробуем установить так...
[2026-04-20 20:14:49] [INFO] Установка пакетов...
[2026-04-20 20:14:49] [ERROR] Критический сбой при установке пакетов.
[2026-04-20 20:24:41] [DEBUG] Конфигурация [settings.conf] успешно загружена.
[2026-04-20 20:24:41] [DEBUG] Применена конфигурация: settings.conf
[2026-04-20 20:24:41] [DEBUG] Выполнена пост-инициализация init_logger
[2026-04-20 20:24:41] [DEBUG] Библиотека [utils] успешно импортирована
[2026-04-20 20:24:41] [DEBUG] Модуль [utils] инициализирован.
[2026-04-20 20:24:41] [DEBUG] Библиотека [backup] успешно импортирована
[2026-04-20 20:24:41] [DEBUG] Модуль [backup] инициализирован.
[2026-04-20 20:24:41] [DEBUG] Библиотека [installer] успешно импортирована
[2026-04-20 20:24:41] [DEBUG] Модуль [installer] инициализирован.
[2026-04-20 20:24:41] [DEBUG] Библиотека [transaction] успешно импортирована
[2026-04-20 20:24:41] [DEBUG] Модуль [transaction] инициализирован.
[2026-04-20 20:24:41] [DEBUG] Библиотека [provisioner] успешно импортирована
[2026-04-20 20:24:41] [DEBUG] Модуль [provisioner] инициализирован.
[2026-04-20 20:24:41] [DEBUG] Ядро системы инициализировано. Strict mode: ON.
[2026-04-20 20:24:41] [INFO] --- Ядро успешно подключено в защищенном режиме. ---
[2026-04-20 20:24:41] [INFO] >>> НАЧАЛО РАЗВЕРТЫВАНИЯ FIREWALL (nftables)  <<<-
[2026-04-20 20:24:41] [INFO] --- Проверка наличия прав root ---
[2026-04-20 20:24:41] [INFO] --- Загрузка переменных из настроек приложения ---
[2026-04-20 20:24:41] [DEBUG] Загрузка переменных окружения из: /home/aleksandr_ruban/projects/default/config/nftables/nftables.env
[2026-04-20 20:24:41] [OK] Файл окружения [/home/aleksandr_ruban/projects/default/config/nftables/nftables.env] успешно применен.
[2026-04-20 20:24:41] [INFO] --- Проверка и автоматическое определение интерфейса ---
[2026-04-20 20:24:41] [INFO] --- Установка Firewall (nftables) и зависимостей ---
[2026-04-20 20:24:41] [INFO] Анализ зависимостей nftables rsyslog
[2026-04-20 20:24:41] [INFO] Выполнение установки: nftables rsyslog...
[2026-04-20 20:24:41] [INFO] Обновление кэша...
[2026-04-20 20:24:42] [INFO] Установка пакетов...
[2026-04-20 20:24:45] [OK] Пакеты успешно установлены: nftables rsyslog
[2026-04-20 20:24:45] [INFO] === ИНИЦИАЛИЗАЦИЯ ТРАНЗАКЦИИ ===
[2026-04-20 20:24:45] [INFO] === ЗАПУСК BACKUP ===
[2026-04-20 20:24:45] [DEBUG] Модуль бэкапа готов. Проект: nftables
[2026-04-20 20:24:45] [DEBUG] Путь не задан, создаю временную директорию...
[2026-04-20 20:24:45] [DEBUG] Используется существующее хранилище бэкапов: /home/aleksandr_ruban/projects/default/var/backups
[2026-04-20 20:24:45] [WARN] Связка 'tar -I 'zstd -T0'' + '.tar.zst' не работает (ошибка флагов).
[2026-04-20 20:24:45] [INFO] Переключаюсь на стандартный gzip: tar -cz
[2026-04-20 20:24:45] [INFO] === Инициализация бэкапа завершена ===
[2026-04-20 20:24:45] [INFO] --- Создаем backup версию ---
[2026-04-20 20:24:45] [INFO] --- Настройка инфраструктуры Firewall (nftables) ---
[2026-04-20 20:24:45] [INFO] >>> Настройка: | [none]
[2026-04-20 20:24:45] [WARN] Не удалось сменить владельца на /var/log/nftables для none
[2026-04-20 20:24:45] [ERROR] Ошибка chmod |: none
[2026-04-20 20:24:45] [ERROR] Сбой при настройке: |
[2026-04-20 20:24:45] [WARN] !!! ОТКАТ ИЗМЕНЕНИЙ (ROLLBACK) !!!
[2026-04-20 20:24:45] [INFO] Удаление созданного объекта: none
[2026-04-20 20:56:37] [DEBUG] Конфигурация [settings.conf] успешно загружена.
[2026-04-20 20:56:37] [DEBUG] Применена конфигурация: settings.conf
[2026-04-20 20:56:37] [DEBUG] Выполнена пост-инициализация init_logger
[2026-04-20 20:56:37] [DEBUG] Библиотека [utils] успешно импортирована
[2026-04-20 20:56:37] [DEBUG] Модуль [utils] инициализирован.
[2026-04-20 20:56:37] [DEBUG] Библиотека [backup] успешно импортирована
[2026-04-20 20:56:37] [DEBUG] Модуль [backup] инициализирован.
[2026-04-20 20:56:37] [DEBUG] Библиотека [installer] успешно импортирована
[2026-04-20 20:56:37] [DEBUG] Модуль [installer] инициализирован.
[2026-04-20 20:56:37] [DEBUG] Библиотека [transaction] успешно импортирована
[2026-04-20 20:56:37] [DEBUG] Модуль [transaction] инициализирован.
[2026-04-20 20:56:37] [DEBUG] Библиотека [provisioner] успешно импортирована
[2026-04-20 20:56:37] [DEBUG] Модуль [provisioner] инициализирован.
[2026-04-20 20:56:37] [DEBUG] Ядро системы инициализировано. Strict mode: ON.
[2026-04-20 20:56:37] [INFO] --- Ядро успешно подключено в защищенном режиме. ---
[2026-04-20 20:56:37] [INFO] >>> НАЧАЛО РАЗВЕРТЫВАНИЯ FIREWALL (nftables)  <<<-
[2026-04-20 20:56:37] [INFO] --- Проверка наличия прав root ---
[2026-04-20 20:56:37] [INFO] --- Загрузка переменных из настроек приложения ---
[2026-04-20 20:56:37] [DEBUG] Загрузка переменных окружения из: /home/aleksandr_ruban/projects/default/config/nftables/nftables.env
[2026-04-20 20:56:37] [OK] Файл окружения [/home/aleksandr_ruban/projects/default/config/nftables/nftables.env] успешно применен.
[2026-04-20 20:56:37] [INFO] --- Проверка и автоматическое определение интерфейса ---
[2026-04-20 20:56:37] [INFO] --- Установка Firewall (nftables) и зависимостей ---
[2026-04-20 20:56:37] [INFO] Анализ зависимостей nftables rsyslog
[2026-04-20 20:56:37] [INFO] Выполнение установки: nftables rsyslog...
[2026-04-20 20:56:37] [INFO] Обновление кэша...
[2026-04-20 20:56:38] [INFO] Установка пакетов...
[2026-04-20 20:56:40] [OK] Пакеты успешно установлены: nftables rsyslog
[2026-04-20 20:56:40] [INFO] === ИНИЦИАЛИЗАЦИЯ ТРАНЗАКЦИИ ===
[2026-04-20 20:56:40] [INFO] === ЗАПУСК BACKUP ===
[2026-04-20 20:56:40] [DEBUG] Модуль бэкапа готов. Проект: nftables
[2026-04-20 20:56:40] [DEBUG] Путь не задан, создаю временную директорию...
[2026-04-20 20:56:40] [DEBUG] Используется существующее хранилище бэкапов: /home/aleksandr_ruban/projects/default/var/backups
[2026-04-20 20:56:40] [WARN] Связка 'tar -I 'zstd -T0'' + '.tar.zst' не работает (ошибка флагов).
[2026-04-20 20:56:40] [INFO] Переключаюсь на стандартный gzip: tar -cz
[2026-04-20 20:56:40] [INFO] === Инициализация бэкапа завершена ===
[2026-04-20 20:56:40] [INFO] --- Создаем backup версию ---
[2026-04-20 20:56:40] [INFO] --- Настройка инфраструктуры Firewall (nftables) ---
[2026-04-20 20:56:40] [INFO] >>> Настройка: Папка логов NFTables [/var/log/nftables]
[2026-04-20 20:56:40] [WARN] Не удалось сменить владельца на syslog:adm для /var/log/nftables
[2026-04-20 20:56:40] [DEBUG] Объект готов: /var/log/nftables (dir, syslog:adm, 750)}
[2026-04-20 20:56:40] [INFO] >>> Настройка: Файл логов NFTables [/var/log/nftables/nftables.log]
[2026-04-20 20:56:40] [ERROR] Ошибка mkdir: /var/log/nftables/nftables.log
[2026-04-20 20:56:40] [ERROR] Сбой при настройке: Файл логов NFTables
[2026-04-20 20:56:40] [WARN] !!! ОТКАТ ИЗМЕНЕНИЙ (ROLLBACK) !!!
[2026-04-20 20:56:40] [INFO] Удаление созданного объекта: /var/log/nftables/nftables.log
[2026-04-20 20:56:40] [INFO] Удаление созданного объекта: /var/log/nftables
[2026-04-20 21:05:21] [DEBUG] Конфигурация [settings.conf] успешно загружена.
[2026-04-20 21:05:21] [DEBUG] Применена конфигурация: settings.conf
[2026-04-20 21:05:21] [DEBUG] Выполнена пост-инициализация init_logger
[2026-04-20 21:05:21] [DEBUG] Библиотека [utils] успешно импортирована
[2026-04-20 21:05:21] [DEBUG] Модуль [utils] инициализирован.
[2026-04-20 21:05:21] [DEBUG] Библиотека [backup] успешно импортирована
[2026-04-20 21:05:21] [DEBUG] Модуль [backup] инициализирован.
[2026-04-20 21:05:21] [DEBUG] Библиотека [installer] успешно импортирована
[2026-04-20 21:05:21] [DEBUG] Модуль [installer] инициализирован.
[2026-04-20 21:05:21] [DEBUG] Библиотека [transaction] успешно импортирована
[2026-04-20 21:05:21] [DEBUG] Модуль [transaction] инициализирован.
[2026-04-20 21:05:21] [DEBUG] Библиотека [provisioner] успешно импортирована
[2026-04-20 21:05:21] [DEBUG] Модуль [provisioner] инициализирован.
[2026-04-20 21:05:21] [DEBUG] Ядро системы инициализировано. Strict mode: ON.
[2026-04-20 21:05:21] [INFO] --- Ядро успешно подключено в защищенном режиме. ---
[2026-04-20 21:05:21] [INFO] >>> НАЧАЛО РАЗВЕРТЫВАНИЯ FIREWALL (nftables)  <<<-
[2026-04-20 21:05:21] [INFO] --- Проверка наличия прав root ---
[2026-04-20 21:05:21] [INFO] --- Загрузка переменных из настроек приложения ---
[2026-04-20 21:05:21] [DEBUG] Загрузка переменных окружения из: /home/aleksandr_ruban/projects/default/config/nftables/nftables.env
[2026-04-20 21:05:21] [OK] Файл окружения [/home/aleksandr_ruban/projects/default/config/nftables/nftables.env] успешно применен.
[2026-04-20 21:05:21] [INFO] --- Проверка и автоматическое определение интерфейса ---
[2026-04-20 21:05:21] [INFO] --- Установка Firewall (nftables) и зависимостей ---
[2026-04-20 21:05:21] [INFO] Анализ зависимостей nftables rsyslog
[2026-04-20 21:05:21] [INFO] Выполнение установки: nftables rsyslog...
[2026-04-20 21:05:21] [INFO] Обновление кэша...
[2026-04-20 21:05:22] [INFO] Установка пакетов...
[2026-04-20 21:05:23] [OK] Пакеты успешно установлены: nftables rsyslog
[2026-04-20 21:05:23] [INFO] === ИНИЦИАЛИЗАЦИЯ ТРАНЗАКЦИИ ===
[2026-04-20 21:05:23] [INFO] === ЗАПУСК BACKUP ===
[2026-04-20 21:05:23] [DEBUG] Модуль бэкапа готов. Проект: nftables
[2026-04-20 21:05:23] [DEBUG] Путь не задан, создаю временную директорию...
[2026-04-20 21:05:23] [DEBUG] Используется существующее хранилище бэкапов: /home/aleksandr_ruban/projects/default/var/backups
[2026-04-20 21:05:23] [WARN] Связка 'tar -I 'zstd -T0'' + '.tar.zst' не работает (ошибка флагов).
[2026-04-20 21:05:23] [INFO] Переключаюсь на стандартный gzip: tar -cz
[2026-04-20 21:05:23] [INFO] === Инициализация бэкапа завершена ===
[2026-04-20 21:05:23] [INFO] --- Создаем backup версию ---
[2026-04-20 21:05:23] [INFO] --- Настройка инфраструктуры Firewall (nftables) ---
[2026-04-20 21:05:23] [INFO] >>> Настройка: Папка логов NFTables [/var/log/nftables]
[2026-04-20 21:05:23] [WARN] Не удалось сменить владельца на syslog:adm для /var/log/nftables
[2026-04-20 21:05:23] [DEBUG] Объект готов: /var/log/nftables (dir, syslog:adm, 750)}
[2026-04-20 21:05:23] [INFO] >>> Настройка: Файл логов NFTables [/var/log/nftables/nftables.log]
[2026-04-20 21:05:23] [ERROR] Ошибка mkdir для parent_dir: /var/log/nftables/nftables.log
[2026-04-20 21:05:23] [ERROR] Сбой при настройке: Файл логов NFTables
[2026-04-20 21:05:23] [WARN] !!! ОТКАТ ИЗМЕНЕНИЙ (ROLLBACK) !!!
[2026-04-20 21:05:23] [INFO] Удаление созданного объекта: /var/log/nftables/nftables.log
[2026-04-20 21:05:23] [INFO] Удаление созданного объекта: /var/log/nftables
[2026-04-20 21:47:02] [DEBUG] Конфигурация [settings.conf] успешно загружена.
[2026-04-20 21:47:02] [DEBUG] Применена конфигурация: settings.conf
[2026-04-20 21:47:02] [DEBUG] Выполнена пост-инициализация init_logger
[2026-04-20 21:47:02] [DEBUG] Библиотека [utils] успешно импортирована
[2026-04-20 21:47:02] [DEBUG] Модуль [utils] инициализирован.
[2026-04-20 21:47:02] [DEBUG] Библиотека [backup] успешно импортирована
[2026-04-20 21:47:02] [DEBUG] Модуль [backup] инициализирован.
[2026-04-20 21:47:02] [DEBUG] Библиотека [installer] успешно импортирована
[2026-04-20 21:47:02] [DEBUG] Модуль [installer] инициализирован.
[2026-04-20 21:47:02] [DEBUG] Библиотека [transaction] успешно импортирована
[2026-04-20 21:47:02] [DEBUG] Модуль [transaction] инициализирован.
[2026-04-20 21:47:02] [DEBUG] Библиотека [provisioner] успешно импортирована
[2026-04-20 21:47:02] [DEBUG] Модуль [provisioner] инициализирован.
[2026-04-20 21:47:02] [DEBUG] Ядро системы инициализировано. Strict mode: ON.
[2026-04-20 21:47:02] [INFO] --- Ядро успешно подключено в защищенном режиме. ---
[2026-04-20 21:47:02] [INFO] >>> НАЧАЛО РАЗВЕРТЫВАНИЯ FIREWALL (nftables)  <<<-
[2026-04-20 21:47:02] [INFO] --- Проверка наличия прав root ---
[2026-04-20 21:47:02] [INFO] --- Загрузка переменных из настроек приложения ---
[2026-04-20 21:47:02] [DEBUG] Загрузка переменных окружения из: /home/aleksandr_ruban/projects/default/config/nftables/nftables.env
[2026-04-20 21:47:02] [OK] Файл окружения [/home/aleksandr_ruban/projects/default/config/nftables/nftables.env] успешно применен.
[2026-04-20 21:47:02] [INFO] --- Проверка и автоматическое определение интерфейса ---
[2026-04-20 21:47:02] [INFO] --- Установка Firewall (nftables) и зависимостей ---
[2026-04-20 21:47:02] [INFO] Анализ зависимостей nftables rsyslog
[2026-04-20 21:47:02] [INFO] Выполнение установки: nftables rsyslog...
[2026-04-20 21:47:02] [INFO] Обновление кэша...
[2026-04-20 21:47:03] [INFO] Установка пакетов...
[2026-04-20 21:47:04] [OK] Пакеты успешно установлены: nftables rsyslog
[2026-04-20 21:47:04] [INFO] === ИНИЦИАЛИЗАЦИЯ ТРАНЗАКЦИИ ===
[2026-04-20 21:47:04] [INFO] === ЗАПУСК BACKUP ===
[2026-04-20 21:47:04] [DEBUG] Модуль бэкапа готов. Проект: nftables
[2026-04-20 21:47:04] [DEBUG] Путь не задан, создаю временную директорию...
[2026-04-20 21:47:04] [DEBUG] Используется существующее хранилище бэкапов: /home/aleksandr_ruban/projects/default/var/backups
[2026-04-20 21:47:04] [WARN] Связка 'tar -I 'zstd -T0'' + '.tar.zst' не работает (ошибка флагов).
[2026-04-20 21:47:04] [INFO] Переключаюсь на стандартный gzip: tar -cz
[2026-04-20 21:47:04] [INFO] === Инициализация бэкапа завершена ===
[2026-04-20 21:47:04] [INFO] --- Создаем backup версию ---
[2026-04-20 21:47:04] [INFO] --- Настройка инфраструктуры Firewall (nftables) ---
[2026-04-20 21:47:04] [INFO] >>> Настройка: Папка логов NFTables [/var/log/nftables]
[2026-04-20 21:47:04] [WARN] Пользователь [syslog] не найден. Создаю системного пользователя...
[2026-04-20 21:47:04] [OK] Пользователь [syslog] успешно создан.
[2026-04-20 21:47:04] [DEBUG] Объект готов: /var/log/nftables (dir, syslog:adm, 750)}
[2026-04-20 21:47:04] [INFO] >>> Настройка: Файл логов NFTables [/var/log/nftables/nftables.log]
[2026-04-20 21:47:04] [DEBUG] Объект готов: /var/log/nftables/nftables.log (file, syslog:adm, 640)}
[2026-04-20 21:47:04] [INFO] >>> Настройка: Настройка логирования Firewall (local0) [/etc/rsyslog.d/nftables.conf]
[2026-04-20 21:47:04] [DEBUG] Объект готов: /etc/rsyslog.d/nftables.conf (file, root:root, 644)}
[2026-04-20 21:47:04] [OK] Конфиг обновлен: /etc/rsyslog.d/nftables.conf
[2026-04-20 21:47:04] [INFO] >>> Настройка: Настройка ротация файлов логирования Firewall [/etc/logrotate.d/nftables]
[2026-04-20 21:47:04] [DEBUG] Объект готов: /etc/logrotate.d/nftables (file, root:root, 644)}
[2026-04-20 21:47:04] [OK] Конфиг обновлен: /etc/logrotate.d/nftables
[2026-04-20 21:47:04] [INFO] >>> Настройка: Конфигурация правил NFTABLES [/etc/nftables.conf]
[2026-04-20 21:47:04] [DEBUG] Объект готов: /etc/nftables.conf (file, root:root, 750)}
[2026-04-20 21:47:04] [OK] Конфиг обновлен: /etc/nftables.conf
[2026-04-20 21:47:04] [INFO] >>> Настройка: Настройка ядра для форвардинга [/etc/sysctl.d/99-nftables-router.conf]
[2026-04-20 21:47:04] [DEBUG] Объект готов: /etc/sysctl.d/99-nftables-router.conf (file, root:root, 644)}
[2026-04-20 21:47:04] [OK] Конфиг обновлен: /etc/sysctl.d/99-nftables-router.conf
[2026-04-20 21:47:04] [INFO] Валидация NFTables...
[2026-04-20 21:47:04] [ERROR] Синтаксическая ошибка в /etc/nftables.conf
[2026-04-20 22:51:17] [DEBUG] Конфигурация [settings.conf] успешно загружена.
[2026-04-20 22:51:17] [DEBUG] Применена конфигурация: settings.conf
[2026-04-20 22:51:17] [DEBUG] Выполнена пост-инициализация init_logger
[2026-04-20 22:51:17] [DEBUG] Библиотека [utils] успешно импортирована
[2026-04-20 22:51:17] [DEBUG] Модуль [utils] инициализирован.
[2026-04-20 22:51:17] [DEBUG] Библиотека [backup] успешно импортирована
[2026-04-20 22:51:17] [DEBUG] Модуль [backup] инициализирован.
[2026-04-20 22:51:17] [DEBUG] Библиотека [installer] успешно импортирована
[2026-04-20 22:51:17] [DEBUG] Модуль [installer] инициализирован.
[2026-04-20 22:51:17] [DEBUG] Библиотека [transaction] успешно импортирована
[2026-04-20 22:51:17] [DEBUG] Модуль [transaction] инициализирован.
[2026-04-20 22:51:17] [DEBUG] Библиотека [provisioner] успешно импортирована
[2026-04-20 22:51:17] [DEBUG] Модуль [provisioner] инициализирован.
[2026-04-20 22:51:17] [DEBUG] Ядро системы инициализировано. Strict mode: ON.
[2026-04-20 22:51:17] [INFO] --- Ядро успешно подключено в защищенном режиме. ---
[2026-04-20 22:51:17] [INFO] >>> НАЧАЛО РАЗВЕРТЫВАНИЯ FIREWALL (nftables)  <<<-
[2026-04-20 22:51:17] [INFO] --- Проверка наличия прав root ---
[2026-04-20 22:51:17] [INFO] --- Загрузка переменных из настроек приложения ---
[2026-04-20 22:51:17] [DEBUG] Загрузка переменных окружения из: /home/aleksandr_ruban/projects/default/config/nftables/nftables.env
[2026-04-20 22:51:17] [OK] Файл окружения [/home/aleksandr_ruban/projects/default/config/nftables/nftables.env] успешно применен.
[2026-04-20 22:51:17] [INFO] --- Проверка и автоматическое определение интерфейса ---
[2026-04-20 22:51:17] [INFO] --- Установка Firewall (nftables) и зависимостей ---
[2026-04-20 22:51:17] [INFO] Анализ зависимостей nftables rsyslog
[2026-04-20 22:51:17] [INFO] Выполнение установки: nftables rsyslog...
[2026-04-20 22:51:17] [INFO] Обновление кэша...
[2026-04-20 22:51:18] [INFO] Установка пакетов...
[2026-04-20 22:51:19] [OK] Пакеты успешно установлены: nftables rsyslog
[2026-04-20 22:51:19] [INFO] === ИНИЦИАЛИЗАЦИЯ ТРАНЗАКЦИИ ===
[2026-04-20 22:51:19] [INFO] === ЗАПУСК BACKUP ===
[2026-04-20 22:51:19] [DEBUG] Модуль бэкапа готов. Проект: nftables
[2026-04-20 22:51:19] [DEBUG] Путь не задан, создаю временную директорию...
[2026-04-20 22:51:19] [DEBUG] Используется существующее хранилище бэкапов: /home/aleksandr_ruban/projects/default/var/backups
[2026-04-20 22:51:19] [WARN] Связка 'tar -I 'zstd -T0'' + '.tar.zst' не работает (ошибка флагов).
[2026-04-20 22:51:19] [INFO] Переключаюсь на стандартный gzip: tar -cz
[2026-04-20 22:51:19] [INFO] === Инициализация бэкапа завершена ===
[2026-04-20 22:51:19] [INFO] --- Создаем backup версию ---
[2026-04-20 22:51:19] [INFO] --- Настройка инфраструктуры Firewall (nftables) ---
[2026-04-20 22:51:19] [INFO] >>> Настройка: Папка логов NFTables [/var/log/nftables]
[2026-04-20 22:51:19] [DEBUG] Объект готов: /var/log/nftables (dir, syslog:adm, 750)}
[2026-04-20 22:51:19] [INFO] >>> Настройка: Файл логов NFTables [/var/log/nftables/nftables.log]
[2026-04-20 22:51:19] [DEBUG] Объект готов: /var/log/nftables/nftables.log (file, syslog:adm, 640)}
[2026-04-20 22:51:19] [INFO] >>> Настройка: Настройка логирования Firewall (local0) [/etc/rsyslog.d/nftables.conf]
[2026-04-20 22:51:19] [DEBUG] Объект готов: /etc/rsyslog.d/nftables.conf (file, root:root, 644)}
[2026-04-20 22:51:19] [OK] Конфиг обновлен: /etc/rsyslog.d/nftables.conf
[2026-04-20 22:51:19] [INFO] >>> Настройка: Настройка ротация файлов логирования Firewall [/etc/logrotate.d/nftables]
[2026-04-20 22:51:19] [DEBUG] Объект готов: /etc/logrotate.d/nftables (file, root:root, 644)}
[2026-04-20 22:51:19] [OK] Конфиг обновлен: /etc/logrotate.d/nftables
[2026-04-20 22:51:20] [INFO] >>> Настройка: Конфигурация правил NFTABLES [/etc/nftables.conf]
[2026-04-20 22:51:20] [DEBUG] Объект готов: /etc/nftables.conf (file, root:root, 750)}
[2026-04-20 22:51:20] [OK] Конфиг обновлен: /etc/nftables.conf
[2026-04-20 22:51:20] [INFO] >>> Настройка: Настройка ядра для форвардинга [/etc/sysctl.d/99-nftables-router.conf]
[2026-04-20 22:51:20] [DEBUG] Объект готов: /etc/sysctl.d/99-nftables-router.conf (file, root:root, 644)}
[2026-04-20 22:51:20] [OK] Конфиг обновлен: /etc/sysctl.d/99-nftables-router.conf
[2026-04-20 22:51:20] [INFO] Валидация NFTables...
[2026-04-20 22:51:20] [ERROR] Синтаксическая ошибка в /etc/nftables.conf
[2026-04-20 22:58:54] [DEBUG] Конфигурация [settings.conf] успешно загружена.
[2026-04-20 22:58:54] [DEBUG] Применена конфигурация: settings.conf
[2026-04-20 22:58:54] [DEBUG] Выполнена пост-инициализация init_logger
[2026-04-20 22:58:54] [DEBUG] Библиотека [utils] успешно импортирована
[2026-04-20 22:58:54] [DEBUG] Модуль [utils] инициализирован.
[2026-04-20 22:58:54] [DEBUG] Библиотека [backup] успешно импортирована
[2026-04-20 22:58:54] [DEBUG] Модуль [backup] инициализирован.
[2026-04-20 22:58:54] [DEBUG] Библиотека [installer] успешно импортирована
[2026-04-20 22:58:54] [DEBUG] Модуль [installer] инициализирован.
[2026-04-20 22:58:54] [DEBUG] Библиотека [transaction] успешно импортирована
[2026-04-20 22:58:54] [DEBUG] Модуль [transaction] инициализирован.
[2026-04-20 22:58:54] [DEBUG] Библиотека [provisioner] успешно импортирована
[2026-04-20 22:58:54] [DEBUG] Модуль [provisioner] инициализирован.
[2026-04-20 22:58:54] [DEBUG] Ядро системы инициализировано. Strict mode: ON.
[2026-04-20 22:58:54] [INFO] --- Ядро успешно подключено в защищенном режиме. ---
[2026-04-20 22:58:54] [INFO] >>> НАЧАЛО РАЗВЕРТЫВАНИЯ FIREWALL (nftables)  <<<-
[2026-04-20 22:58:54] [INFO] --- Проверка наличия прав root ---
[2026-04-20 22:58:54] [INFO] --- Загрузка переменных из настроек приложения ---
[2026-04-20 22:58:54] [DEBUG] Загрузка переменных окружения из: /home/aleksandr_ruban/projects/default/config/nftables/nftables.env
[2026-04-20 22:58:54] [OK] Файл окружения [/home/aleksandr_ruban/projects/default/config/nftables/nftables.env] успешно применен.
[2026-04-20 22:58:54] [INFO] --- Проверка и автоматическое определение интерфейса ---
[2026-04-20 22:58:54] [INFO] --- Установка Firewall (nftables) и зависимостей ---
[2026-04-20 22:58:54] [INFO] Анализ зависимостей nftables rsyslog
[2026-04-20 22:58:54] [INFO] Выполнение установки: nftables rsyslog...
[2026-04-20 22:58:54] [INFO] Обновление кэша...
[2026-04-20 22:58:54] [INFO] Установка пакетов...
[2026-04-20 22:58:56] [OK] Пакеты успешно установлены: nftables rsyslog
[2026-04-20 22:58:56] [INFO] === ИНИЦИАЛИЗАЦИЯ ТРАНЗАКЦИИ ===
[2026-04-20 22:58:56] [INFO] === ЗАПУСК BACKUP ===
[2026-04-20 22:58:56] [DEBUG] Модуль бэкапа готов. Проект: nftables
[2026-04-20 22:58:56] [DEBUG] Путь не задан, создаю временную директорию...
[2026-04-20 22:58:56] [DEBUG] Используется существующее хранилище бэкапов: /home/aleksandr_ruban/projects/default/var/backups
[2026-04-20 22:58:56] [WARN] Связка 'tar -I 'zstd -T0'' + '.tar.zst' не работает (ошибка флагов).
[2026-04-20 22:58:56] [INFO] Переключаюсь на стандартный gzip: tar -cz
[2026-04-20 22:58:56] [INFO] === Инициализация бэкапа завершена ===
[2026-04-20 22:58:56] [INFO] --- Создаем backup версию ---
[2026-04-20 22:58:56] [INFO] --- Настройка инфраструктуры Firewall (nftables) ---
[2026-04-20 22:58:56] [INFO] >>> Настройка: Папка логов NFTables [/var/log/nftables]
[2026-04-20 22:58:56] [DEBUG] Объект готов: /var/log/nftables (dir, syslog:adm, 750)}
[2026-04-20 22:58:56] [INFO] >>> Настройка: Файл логов NFTables [/var/log/nftables/nftables.log]
[2026-04-20 22:58:56] [DEBUG] Объект готов: /var/log/nftables/nftables.log (file, syslog:adm, 640)}
[2026-04-20 22:58:56] [INFO] >>> Настройка: Настройка логирования Firewall (local0) [/etc/rsyslog.d/nftables.conf]
[2026-04-20 22:58:56] [DEBUG] Объект готов: /etc/rsyslog.d/nftables.conf (file, root:root, 644)}
[2026-04-20 22:58:56] [OK] Конфиг обновлен: /etc/rsyslog.d/nftables.conf
[2026-04-20 22:58:56] [INFO] >>> Настройка: Настройка ротация файлов логирования Firewall [/etc/logrotate.d/nftables]
[2026-04-20 22:58:56] [DEBUG] Объект готов: /etc/logrotate.d/nftables (file, root:root, 644)}
[2026-04-20 22:58:56] [OK] Конфиг обновлен: /etc/logrotate.d/nftables
[2026-04-20 22:58:56] [INFO] >>> Настройка: Конфигурация правил NFTABLES [/etc/nftables.conf]
[2026-04-20 22:58:56] [DEBUG] Объект готов: /etc/nftables.conf (file, root:root, 750)}
[2026-04-20 22:58:56] [OK] Конфиг обновлен: /etc/nftables.conf
[2026-04-20 22:58:56] [INFO] >>> Настройка: Настройка ядра для форвардинга [/etc/sysctl.d/99-nftables-router.conf]
[2026-04-20 22:58:56] [DEBUG] Объект готов: /etc/sysctl.d/99-nftables-router.conf (file, root:root, 644)}
[2026-04-20 22:58:56] [OK] Конфиг обновлен: /etc/sysctl.d/99-nftables-router.conf
[2026-04-20 22:58:56] [INFO] Валидация NFTables...
[2026-04-20 22:58:56] [ERROR] Синтаксическая ошибка в /etc/nftables.conf
[2026-04-20 22:58:56] [DEBUG] /etc/nftables.conf:144:37-51: Error: unknown identifier 'LOCAL_SUBNET_V4'
        meta nfproto ipv4 ip saddr $LOCAL_SUBNET_V4 ip daddr != $ROUTER_IP_V4 iifname "eth0" accept
                                    ^^^^^^^^^^^^^^^
/etc/nftables.conf:146:38-52: Error: unknown identifier 'LOCAL_SUBNET_V6'
        meta nfproto ipv6 ip6 saddr $LOCAL_SUBNET_V6 ip6 daddr != $ROUTER_IP_V6 iifname "eth0" accept
                                     ^^^^^^^^^^^^^^^
/etc/nftables.conf:150:37-48: Error: unknown identifier 'ROUTER_IP_V4'
        meta nfproto ipv4 ip saddr $ROUTER_IP_V4 ip daddr $LOCAL_SUBNET_V4 oifname "eth0" ct state established,related accept
                                    ^^^^^^^^^^^^
/etc/nftables.conf:152:38-49: Error: unknown identifier 'ROUTER_IP_V6'
        meta nfproto ipv6 ip6 saddr $ROUTER_IP_V6 ip6 daddr $LOCAL_SUBNET_V6 oifname "eth0" ct state established,related accept
                                     ^^^^^^^^^^^^
/etc/nftables.conf:170:37-51: Error: unknown identifier 'LOCAL_SUBNET_V4'
        meta nfproto ipv4 ip saddr $LOCAL_SUBNET_V4 ip daddr $ROUTER_IP_V4 oifname "eth0" masquerade
                                    ^^^^^^^^^^^^^^^
/etc/nftables.conf:171:38-52: Error: unknown identifier 'LOCAL_SUBNET_V6'
        meta nfproto ipv6 ip6 saddr $LOCAL_SUBNET_V6 ip6 daddr $ROUTER_IP_V6 oifname "eth0" masquerade
                                     ^^^^^^^^^^^^^^^
/etc/nftables.conf:135:50-57: Error: No symbol type information
        log prefix "NFT_INPUT_DROP: " level info facility local0
                                                 ^^^^^^^^
/etc/nftables.conf:155:52-59: Error: No symbol type information
        log prefix "NFT_FORWARD_DROP: " level info facility local0
                                                   ^^^^^^^^
[2026-04-20 23:28:32] [DEBUG] Конфигурация [settings.conf] успешно загружена.
[2026-04-20 23:28:32] [DEBUG] Применена конфигурация: settings.conf
[2026-04-20 23:28:32] [DEBUG] Выполнена пост-инициализация init_logger
[2026-04-20 23:28:32] [DEBUG] Библиотека [utils] успешно импортирована
[2026-04-20 23:28:32] [DEBUG] Модуль [utils] инициализирован.
[2026-04-20 23:28:32] [DEBUG] Библиотека [backup] успешно импортирована
[2026-04-20 23:28:32] [DEBUG] Модуль [backup] инициализирован.
[2026-04-20 23:28:32] [DEBUG] Библиотека [installer] успешно импортирована
[2026-04-20 23:28:32] [DEBUG] Модуль [installer] инициализирован.
[2026-04-20 23:28:32] [DEBUG] Библиотека [transaction] успешно импортирована
[2026-04-20 23:28:32] [DEBUG] Модуль [transaction] инициализирован.
[2026-04-20 23:28:32] [DEBUG] Библиотека [provisioner] успешно импортирована
[2026-04-20 23:28:32] [DEBUG] Модуль [provisioner] инициализирован.
[2026-04-20 23:28:32] [DEBUG] Ядро системы инициализировано. Strict mode: ON.
[2026-04-20 23:28:32] [INFO] --- Ядро успешно подключено в защищенном режиме. ---
[2026-04-20 23:28:32] [INFO] >>> НАЧАЛО РАЗВЕРТЫВАНИЯ FIREWALL (nftables)  <<<-
[2026-04-20 23:28:32] [INFO] --- Проверка наличия прав root ---
[2026-04-20 23:28:32] [INFO] --- Загрузка переменных из настроек приложения ---
[2026-04-20 23:28:32] [DEBUG] Загрузка переменных окружения из: /home/aleksandr_ruban/projects/default/config/nftables/nftables.env
[2026-04-20 23:28:32] [OK] Файл окружения [/home/aleksandr_ruban/projects/default/config/nftables/nftables.env] успешно применен.
[2026-04-20 23:28:32] [INFO] --- Проверка и автоматическое определение интерфейса ---
[2026-04-20 23:28:32] [INFO] --- Установка Firewall (nftables) и зависимостей ---
[2026-04-20 23:28:32] [INFO] Анализ зависимостей nftables rsyslog
[2026-04-20 23:28:32] [INFO] Выполнение установки: nftables rsyslog...
[2026-04-20 23:28:32] [INFO] Обновление кэша...
[2026-04-20 23:28:33] [INFO] Установка пакетов...
[2026-04-20 23:28:34] [OK] Пакеты успешно установлены: nftables rsyslog
[2026-04-20 23:28:34] [INFO] === ИНИЦИАЛИЗАЦИЯ ТРАНЗАКЦИИ ===
[2026-04-20 23:28:34] [INFO] === ЗАПУСК BACKUP ===
[2026-04-20 23:28:34] [DEBUG] Модуль бэкапа готов. Проект: nftables
[2026-04-20 23:28:34] [DEBUG] Путь не задан, создаю временную директорию...
[2026-04-20 23:28:34] [DEBUG] Используется существующее хранилище бэкапов: /home/aleksandr_ruban/projects/default/var/backups
[2026-04-20 23:28:34] [WARN] Связка 'tar -I 'zstd -T0'' + '.tar.zst' не работает (ошибка флагов).
[2026-04-20 23:28:34] [INFO] Переключаюсь на стандартный gzip: tar -cz
[2026-04-20 23:28:34] [INFO] === Инициализация бэкапа завершена ===
[2026-04-20 23:28:34] [INFO] --- Создаем backup версию ---
[2026-04-20 23:28:34] [INFO] --- Настройка инфраструктуры Firewall (nftables) ---
[2026-04-20 23:28:34] [INFO] >>> Настройка: Папка логов NFTables [/var/log/nftables]
[2026-04-20 23:28:34] [DEBUG] Объект готов: /var/log/nftables (dir, syslog:adm, 750)}
[2026-04-20 23:28:34] [INFO] >>> Настройка: Файл логов NFTables [/var/log/nftables/nftables.log]
[2026-04-20 23:28:34] [DEBUG] Объект готов: /var/log/nftables/nftables.log (file, syslog:adm, 640)}
[2026-04-20 23:28:34] [INFO] >>> Настройка: Настройка логирования Firewall (local0) [/etc/rsyslog.d/nftables.conf]
[2026-04-20 23:28:34] [DEBUG] Объект готов: /etc/rsyslog.d/nftables.conf (file, root:root, 644)}
[2026-04-20 23:28:34] [OK] Конфиг обновлен: /etc/rsyslog.d/nftables.conf
[2026-04-20 23:28:35] [INFO] >>> Настройка: Настройка ротация файлов логирования Firewall [/etc/logrotate.d/nftables]
[2026-04-20 23:28:35] [DEBUG] Объект готов: /etc/logrotate.d/nftables (file, root:root, 644)}
[2026-04-20 23:28:35] [OK] Конфиг обновлен: /etc/logrotate.d/nftables
[2026-04-20 23:28:35] [INFO] >>> Настройка: Конфигурация правил NFTABLES [/etc/nftables.conf]
[2026-04-20 23:28:35] [DEBUG] Объект готов: /etc/nftables.conf (file, root:root, 750)}
[2026-04-20 23:28:35] [OK] Конфиг обновлен: /etc/nftables.conf
[2026-04-20 23:28:35] [INFO] >>> Настройка: Настройка ядра для форвардинга [/etc/sysctl.d/99-nftables-router.conf]
[2026-04-20 23:28:35] [DEBUG] Объект готов: /etc/sysctl.d/99-nftables-router.conf (file, root:root, 644)}
[2026-04-20 23:28:35] [OK] Конфиг обновлен: /etc/sysctl.d/99-nftables-router.conf
[2026-04-20 23:28:35] [INFO] Валидация NFTables...
[2026-04-20 23:28:35] [INFO] Валидация Rsyslog...
[2026-04-20 23:28:35] [OK] Все тесты пройдены. Фиксация изменений...
[2026-04-20 23:28:35] [DEBUG] Модуль бэкапа готов. Проект: nftables
[2026-04-20 23:28:35] [INFO] Создание целевой директории: /home/aleksandr_ruban/projects/default/var/backups/nftables
[2026-04-20 23:28:35] [WARN] Временный каталог пуст. Бэкап не будет создан.
[2026-04-20 23:37:01] [DEBUG] Конфигурация [settings.conf] успешно загружена.
[2026-04-20 23:37:01] [DEBUG] Применена конфигурация: settings.conf
[2026-04-20 23:37:01] [DEBUG] Выполнена пост-инициализация init_logger
[2026-04-20 23:37:01] [DEBUG] Библиотека [utils] успешно импортирована
[2026-04-20 23:37:01] [DEBUG] Модуль [utils] инициализирован.
[2026-04-20 23:37:01] [DEBUG] Библиотека [backup] успешно импортирована
[2026-04-20 23:37:01] [DEBUG] Модуль [backup] инициализирован.
[2026-04-20 23:37:01] [DEBUG] Библиотека [installer] успешно импортирована
[2026-04-20 23:37:01] [DEBUG] Модуль [installer] инициализирован.
[2026-04-20 23:37:01] [DEBUG] Библиотека [transaction] успешно импортирована
[2026-04-20 23:37:01] [DEBUG] Модуль [transaction] инициализирован.
[2026-04-20 23:37:01] [DEBUG] Библиотека [provisioner] успешно импортирована
[2026-04-20 23:37:01] [DEBUG] Модуль [provisioner] инициализирован.
[2026-04-20 23:37:01] [DEBUG] Ядро системы инициализировано. Strict mode: ON.
[2026-04-20 23:37:01] [INFO] --- Ядро успешно подключено в защищенном режиме. ---
[2026-04-20 23:37:01] [INFO] >>> НАЧАЛО РАЗВЕРТЫВАНИЯ FIREWALL (nftables)  <<<-
[2026-04-20 23:37:01] [INFO] --- Проверка наличия прав root ---
[2026-04-20 23:37:01] [INFO] --- Загрузка переменных из настроек приложения ---
[2026-04-20 23:37:01] [DEBUG] Загрузка переменных окружения из: /home/aleksandr_ruban/projects/default/config/nftables/nftables.env
[2026-04-20 23:37:01] [OK] Файл окружения [/home/aleksandr_ruban/projects/default/config/nftables/nftables.env] успешно применен.
[2026-04-20 23:37:01] [INFO] --- Проверка и автоматическое определение интерфейса ---
[2026-04-20 23:37:01] [INFO] --- Установка Firewall (nftables) и зависимостей ---
[2026-04-20 23:37:01] [INFO] Анализ зависимостей nftables rsyslog
[2026-04-20 23:37:01] [INFO] Выполнение установки: nftables rsyslog...
[2026-04-20 23:37:01] [INFO] Обновление кэша...
[2026-04-20 23:37:02] [INFO] Установка пакетов...
[2026-04-20 23:37:04] [OK] Пакеты успешно установлены: nftables rsyslog
[2026-04-20 23:37:04] [INFO] === ИНИЦИАЛИЗАЦИЯ ТРАНЗАКЦИИ ===
[2026-04-20 23:37:04] [INFO] === ЗАПУСК BACKUP ===
[2026-04-20 23:37:04] [DEBUG] Модуль бэкапа готов. Проект: nftables
[2026-04-20 23:37:04] [DEBUG] Путь не задан, создаю временную директорию...
[2026-04-20 23:37:04] [DEBUG] Используется существующее хранилище бэкапов: /home/aleksandr_ruban/projects/default/var/backups
[2026-04-20 23:37:04] [WARN] Связка 'tar -I 'zstd -T0'' + '.tar.zst' не работает (ошибка флагов).
[2026-04-20 23:37:04] [INFO] Переключаюсь на стандартный gzip: tar -cz
[2026-04-20 23:37:04] [INFO] === Инициализация бэкапа завершена ===
[2026-04-20 23:37:04] [INFO] --- Создаем backup версию ---
[2026-04-20 23:37:04] [INFO] --- Настройка инфраструктуры Firewall (nftables) ---
[2026-04-20 23:37:04] [INFO] >>> Настройка: Папка логов NFTables [/var/log/nftables]
[2026-04-20 23:37:04] [DEBUG] Объект готов: /var/log/nftables (dir, syslog:adm, 750)}
[2026-04-20 23:37:04] [INFO] >>> Настройка: Файл логов NFTables [/var/log/nftables/nftables.log]
[2026-04-20 23:37:04] [DEBUG] Объект готов: /var/log/nftables/nftables.log (file, syslog:adm, 640)}
[2026-04-20 23:37:04] [INFO] >>> Настройка: Настройка логирования Firewall (local0) [/etc/rsyslog.d/nftables.conf]
[2026-04-20 23:37:04] [DEBUG] Объект готов: /etc/rsyslog.d/nftables.conf (file, root:root, 644)}
[2026-04-20 23:37:04] [OK] Конфиг обновлен: /etc/rsyslog.d/nftables.conf
[2026-04-20 23:37:04] [INFO] >>> Настройка: Настройка ротация файлов логирования Firewall [/etc/logrotate.d/nftables]
[2026-04-20 23:37:04] [DEBUG] Объект готов: /etc/logrotate.d/nftables (file, root:root, 644)}
[2026-04-20 23:37:04] [OK] Конфиг обновлен: /etc/logrotate.d/nftables
[2026-04-20 23:37:04] [INFO] >>> Настройка: Конфигурация правил NFTABLES [/etc/nftables.conf]
[2026-04-20 23:37:04] [DEBUG] Объект готов: /etc/nftables.conf (file, root:root, 750)}
[2026-04-20 23:37:04] [OK] Конфиг обновлен: /etc/nftables.conf
[2026-04-20 23:37:04] [INFO] >>> Настройка: Настройка ядра для форвардинга [/etc/sysctl.d/99-nftables-router.conf]
[2026-04-20 23:37:04] [DEBUG] Объект готов: /etc/sysctl.d/99-nftables-router.conf (file, root:root, 644)}
[2026-04-20 23:37:04] [OK] Конфиг обновлен: /etc/sysctl.d/99-nftables-router.conf
[2026-04-20 23:37:04] [INFO] Валидация NFTables...
[2026-04-20 23:37:04] [INFO] Валидация Rsyslog...
[2026-04-20 23:37:04] [OK] Все тесты пройдены. Фиксация изменений...
[2026-04-20 23:37:04] [DEBUG] Модуль бэкапа готов. Проект: nftables
[2026-04-20 23:37:04] [INFO] Создание целевой директории: /home/aleksandr_ruban/projects/default/var/backups/nftables
[2026-04-20 23:37:04] [WARN] Временный каталог пуст. Бэкап не будет создан.
[2026-04-20 23:37:04] [INFO] === ФИКСАЦИЯ ИЗМЕНЕНИЙ (COMMIT) ===
[2026-04-20 23:37:04] [OK] === ТРАНЗАКЦИЯ ЗАВЕРШЕНА УСПЕШНО ===
[2026-04-20 23:37:04] [INFO] --- Активация и проверка сервисов ---
[2026-04-20 23:37:05] [OK] Служба [rsyslog] успешно запущена и добавлена в автозагрузку.
[2026-04-20 23:37:05] [OK] Служба [nftables] успешно запущена и добавлена в автозагрузку.
[2026-04-20 23:37:05] [INFO] >>> ЗАВЕРШЕНИЕ РАЗВЕРТЫВАНИЯ FIREWALL (nftables) <<<
[2026-04-20 23:55:48] [DEBUG] Конфигурация [settings.conf] успешно загружена.
[2026-04-20 23:55:48] [DEBUG] Применена конфигурация: settings.conf
[2026-04-20 23:55:48] [DEBUG] Выполнена пост-инициализация init_logger
[2026-04-20 23:55:48] [DEBUG] Библиотека [utils] успешно импортирована
[2026-04-20 23:55:48] [DEBUG] Модуль [utils] инициализирован.
[2026-04-20 23:55:48] [DEBUG] Библиотека [backup] успешно импортирована
[2026-04-20 23:55:48] [DEBUG] Модуль [backup] инициализирован.
[2026-04-20 23:55:48] [DEBUG] Библиотека [installer] успешно импортирована
[2026-04-20 23:55:48] [DEBUG] Модуль [installer] инициализирован.
[2026-04-20 23:55:48] [DEBUG] Библиотека [transaction] успешно импортирована
[2026-04-20 23:55:48] [DEBUG] Модуль [transaction] инициализирован.
[2026-04-20 23:55:48] [DEBUG] Библиотека [provisioner] успешно импортирована
[2026-04-20 23:55:48] [DEBUG] Модуль [provisioner] инициализирован.
[2026-04-20 23:55:48] [DEBUG] Ядро системы инициализировано. Strict mode: ON.
[2026-04-20 23:55:48] [INFO] --- Ядро успешно подключено в защищенном режиме. ---
[2026-04-20 23:55:48] [INFO] >>> НАЧАЛО РАЗВЕРТЫВАНИЯ FIREWALL (nftables)  <<<-
[2026-04-20 23:55:48] [INFO] --- Проверка наличия прав root ---
[2026-04-20 23:55:48] [INFO] --- Загрузка переменных из настроек приложения ---
[2026-04-20 23:55:48] [DEBUG] Загрузка переменных окружения из: /home/aleksandr_ruban/projects/default/config/nftables/nftables.env
[2026-04-20 23:55:48] [OK] Файл окружения [/home/aleksandr_ruban/projects/default/config/nftables/nftables.env] успешно применен.
[2026-04-20 23:55:48] [INFO] --- Проверка и автоматическое определение интерфейса ---
[2026-04-20 23:55:48] [INFO] --- Установка Firewall (nftables) и зависимостей ---
[2026-04-20 23:55:48] [INFO] Анализ зависимостей nftables rsyslog
[2026-04-20 23:55:48] [INFO] Выполнение установки: nftables rsyslog...
[2026-04-20 23:55:48] [INFO] Обновление кэша...
[2026-04-20 23:55:49] [INFO] Установка пакетов...
[2026-04-20 23:55:50] [OK] Пакеты успешно установлены: nftables rsyslog
[2026-04-20 23:55:50] [INFO] === ИНИЦИАЛИЗАЦИЯ ТРАНЗАКЦИИ ===
[2026-04-20 23:55:50] [INFO] === ЗАПУСК BACKUP ===
[2026-04-20 23:55:50] [DEBUG] Модуль бэкапа готов. Проект: nftables
[2026-04-20 23:55:50] [DEBUG] Путь не задан, создаю временную директорию...
[2026-04-20 23:55:50] [DEBUG] Используется существующее хранилище бэкапов: /home/aleksandr_ruban/projects/default/var/backups
[2026-04-20 23:55:51] [WARN] Связка 'tar -I 'zstd -T0'' + '.tar.zst' не работает (ошибка флагов).
[2026-04-20 23:55:51] [INFO] Переключаюсь на стандартный gzip: tar -cz
[2026-04-20 23:55:51] [INFO] === Инициализация бэкапа завершена ===
[2026-04-20 23:55:51] [INFO] --- Создаем backup версию ---
[2026-04-20 23:55:51] [INFO] --- Настройка инфраструктуры Firewall (nftables) ---
[2026-04-20 23:55:51] [INFO] >>> Настройка: Папка логов NFTables [/var/log/nftables]
[2026-04-20 23:55:51] [DEBUG] Объект готов: /var/log/nftables (dir, syslog:adm, 750)}
[2026-04-20 23:55:51] [INFO] >>> Настройка: Файл логов NFTables [/var/log/nftables/nftables.log]
[2026-04-20 23:55:51] [DEBUG] Объект готов: /var/log/nftables/nftables.log (file, syslog:adm, 640)}
[2026-04-20 23:55:51] [INFO] >>> Настройка: Настройка логирования Firewall (local0) [/etc/rsyslog.d/nftables.conf]
[2026-04-20 23:55:51] [DEBUG] Объект готов: /etc/rsyslog.d/nftables.conf (file, root:root, 644)}
[2026-04-20 23:55:51] [OK] Конфиг обновлен: /etc/rsyslog.d/nftables.conf
[2026-04-20 23:55:51] [INFO] >>> Настройка: Настройка ротация файлов логирования Firewall [/etc/logrotate.d/nftables]
[2026-04-20 23:55:51] [DEBUG] Объект готов: /etc/logrotate.d/nftables (file, root:root, 644)}
[2026-04-20 23:55:51] [OK] Конфиг обновлен: /etc/logrotate.d/nftables
[2026-04-20 23:55:51] [INFO] >>> Настройка: Конфигурация правил NFTABLES [/etc/nftables.conf]
[2026-04-20 23:55:51] [DEBUG] Объект готов: /etc/nftables.conf (file, root:root, 750)}
[2026-04-20 23:55:51] [OK] Конфиг обновлен: /etc/nftables.conf
[2026-04-20 23:55:51] [INFO] >>> Настройка: Настройка ядра для форвардинга [/etc/sysctl.d/99-nftables-router.conf]
[2026-04-20 23:55:51] [DEBUG] Объект готов: /etc/sysctl.d/99-nftables-router.conf (file, root:root, 644)}
[2026-04-20 23:55:51] [OK] Конфиг обновлен: /etc/sysctl.d/99-nftables-router.conf
[2026-04-20 23:55:51] [INFO] Валидация NFTables...
[2026-04-20 23:55:51] [INFO] Валидация Rsyslog...
[2026-04-20 23:55:51] [OK] Все тесты пройдены. Фиксация изменений...
[2026-04-20 23:55:51] [DEBUG] Модуль бэкапа готов. Проект: nftables
[2026-04-20 23:55:51] [INFO] Создание целевой директории: /home/aleksandr_ruban/projects/default/var/backups/nftables
[2026-04-20 23:55:51] [WARN] Временный каталог пуст. Бэкап не будет создан.
[2026-04-20 23:55:51] [INFO] === ФИКСАЦИЯ ИЗМЕНЕНИЙ (COMMIT) ===
[2026-04-20 23:55:51] [OK] === ТРАНЗАКЦИЯ ЗАВЕРШЕНА УСПЕШНО ===
[2026-04-20 23:55:51] [INFO] --- Активация и проверка сервисов ---
[2026-04-20 23:55:51] [OK] Служба [rsyslog] успешно запущена и добавлена в автозагрузку.
[2026-04-20 23:55:51] [OK] Служба [nftables] успешно запущена и добавлена в автозагрузку.
[2026-04-20 23:55:51] [INFO] >>> ЗАВЕРШЕНИЕ РАЗВЕРТЫВАНИЯ FIREWALL (nftables) <<<
[2026-04-22 07:17:56] [DEBUG] Конфигурация [settings.conf] успешно загружена.
[2026-04-22 07:17:56] [DEBUG] Применена конфигурация: settings.conf
[2026-04-22 07:17:56] [DEBUG] Выполнена пост-инициализация init_logger
[2026-04-22 07:17:56] [DEBUG] Библиотека [utils] успешно импортирована
[2026-04-22 07:17:56] [DEBUG] Модуль [utils] инициализирован.
[2026-04-22 07:17:56] [DEBUG] Библиотека [backup] успешно импортирована
[2026-04-22 07:17:56] [DEBUG] Модуль [backup] инициализирован.
[2026-04-22 07:17:56] [DEBUG] Библиотека [installer] успешно импортирована
[2026-04-22 07:17:56] [DEBUG] Модуль [installer] инициализирован.
[2026-04-22 07:17:56] [DEBUG] Библиотека [transaction] успешно импортирована
[2026-04-22 07:17:56] [DEBUG] Модуль [transaction] инициализирован.
[2026-04-22 07:17:56] [DEBUG] Библиотека [provisioner] успешно импортирована
[2026-04-22 07:17:56] [DEBUG] Модуль [provisioner] инициализирован.
[2026-04-22 07:17:56] [DEBUG] Ядро системы инициализировано. Strict mode: ON.
[2026-04-22 07:17:56] [INFO] --- Ядро успешно подключено в защищенном режиме. ---
[2026-04-22 07:17:56] [INFO] >>> НАЧАЛО РАЗВЕРТЫВАНИЯ FIREWALL (nftables)  <<<-
[2026-04-22 07:17:56] [INFO] --- Проверка наличия прав root ---
[2026-04-22 07:17:56] [INFO] --- Загрузка переменных из настроек приложения ---
[2026-04-22 07:17:56] [DEBUG] Загрузка переменных окружения из: /home/aleksandr_ruban/projects/default/config/nftables/nftables.env
[2026-04-22 07:17:56] [OK] Файл окружения [/home/aleksandr_ruban/projects/default/config/nftables/nftables.env] успешно применен.
[2026-04-22 07:17:56] [INFO] --- Проверка и автоматическое определение интерфейса ---
[2026-04-22 07:17:56] [INFO] --- Установка Firewall (nftables) и зависимостей ---
[2026-04-22 07:17:56] [INFO] Анализ зависимостей nftables rsyslog
[2026-04-22 07:17:56] [DEBUG] Пакет [nftables] уже присутствует в системе.
[2026-04-22 07:17:56] [DEBUG] Пакет [rsyslog] уже присутствует в системе.
[2026-04-22 07:17:56] [OK] Все зависимости уже удовлетворены.
[2026-04-22 07:17:56] [INFO] === ИНИЦИАЛИЗАЦИЯ ТРАНЗАКЦИИ ===
[2026-04-22 07:17:56] [INFO] === ЗАПУСК BACKUP ===
[2026-04-22 07:17:56] [DEBUG] Модуль бэкапа готов. Проект: nftables
[2026-04-22 07:17:56] [DEBUG] Путь не задан, создаю временную директорию...
[2026-04-22 07:17:56] [DEBUG] Используется существующее хранилище бэкапов: /home/aleksandr_ruban/projects/default/var/backups
[2026-04-22 07:17:56] [WARN] Связка 'tar -I 'zstd -T0'' + '.tar.zst' не работает (ошибка флагов).
[2026-04-22 07:17:56] [INFO] Переключаюсь на стандартный gzip: tar -cz
[2026-04-22 07:17:56] [INFO] === Инициализация бэкапа завершена ===
[2026-04-22 07:17:56] [INFO] --- Создаем backup версию ---
[2026-04-22 07:17:56] [INFO] --- Настройка инфраструктуры Firewall (nftables) ---
[2026-04-22 07:17:56] [INFO] >>> Настройка: Папка логов NFTables [/var/log/nftables]
[2026-04-22 07:17:56] [DEBUG] Объект готов: /var/log/nftables (dir, syslog:adm, 750)}
[2026-04-22 07:17:56] [INFO] >>> Настройка: Файл логов NFTables [/var/log/nftables/nftables.log]
[2026-04-22 07:17:56] [DEBUG] Объект готов: /var/log/nftables/nftables.log (file, syslog:adm, 640)}
[2026-04-22 07:17:56] [INFO] >>> Настройка: Настройка логирования Firewall (local0) [/etc/rsyslog.d/nftables.conf]
[2026-04-22 07:17:56] [DEBUG] Объект готов: /etc/rsyslog.d/nftables.conf (file, root:root, 644)}
[2026-04-22 07:17:56] [OK] Конфиг обновлен: /etc/rsyslog.d/nftables.conf
[2026-04-22 07:17:56] [INFO] >>> Настройка: Настройка ротация файлов логирования Firewall [/etc/logrotate.d/nftables]
[2026-04-22 07:17:56] [DEBUG] Объект готов: /etc/logrotate.d/nftables (file, root:root, 644)}
[2026-04-22 07:17:56] [OK] Конфиг обновлен: /etc/logrotate.d/nftables
[2026-04-22 07:17:57] [INFO] >>> Настройка: Конфигурация правил NFTABLES [/etc/nftables.conf]
[2026-04-22 07:17:57] [DEBUG] Объект готов: /etc/nftables.conf (file, root:root, 750)}
[2026-04-22 07:17:57] [OK] Конфиг обновлен: /etc/nftables.conf
[2026-04-22 07:17:57] [INFO] >>> Настройка: Настройка ядра для форвардинга [/etc/sysctl.d/99-nftables-router.conf]
[2026-04-22 07:17:57] [DEBUG] Объект готов: /etc/sysctl.d/99-nftables-router.conf (file, root:root, 644)}
[2026-04-22 07:17:57] [OK] Конфиг обновлен: /etc/sysctl.d/99-nftables-router.conf
[2026-04-22 07:17:57] [INFO] Валидация NFTables...
[2026-04-22 07:17:57] [INFO] Валидация Rsyslog...
[2026-04-22 07:17:57] [OK] Все тесты пройдены. Фиксация изменений...
[2026-04-22 07:17:57] [DEBUG] Модуль бэкапа готов. Проект: nftables
[2026-04-22 07:17:57] [INFO] Создание целевой директории: /home/aleksandr_ruban/projects/default/var/backups/nftables
[2026-04-22 07:17:57] [WARN] Временный каталог пуст. Бэкап не будет создан.
[2026-04-22 07:17:57] [INFO] === ФИКСАЦИЯ ИЗМЕНЕНИЙ (COMMIT) ===
[2026-04-22 07:17:57] [OK] === ТРАНЗАКЦИЯ ЗАВЕРШЕНА УСПЕШНО ===
[2026-04-22 07:17:57] [INFO] --- Активация и проверка сервисов ---
[2026-04-22 07:17:57] [DEBUG] Synchronizing state of rsyslog.service with SysV service script with /lib/systemd/systemd-sysv-install.
Executing: /lib/systemd/systemd-sysv-install enable rsyslog
[2026-04-22 07:17:57] [OK] Служба [rsyslog] успешно запущена и добавлена в автозагрузку.
[2026-04-22 07:17:57] [DEBUG] [no message]
[2026-04-22 07:17:57] [OK] Служба [nftables] успешно запущена и добавлена в автозагрузку.
[2026-04-22 07:17:57] [INFO] >>> ЗАВЕРШЕНИЕ РАЗВЕРТЫВАНИЯ FIREWALL (nftables) <<<
[2026-04-22 20:26:19] [DEBUG] Конфигурация [settings.conf] успешно загружена.
[2026-04-22 20:26:19] [DEBUG] Применена конфигурация: settings.conf
[2026-04-22 20:26:19] [DEBUG] Выполнена пост-инициализация init_logger
[2026-04-22 20:26:19] [DEBUG] Библиотека [utils] успешно импортирована
[2026-04-22 20:26:19] [DEBUG] Модуль [utils] инициализирован.
[2026-04-22 20:26:19] [DEBUG] Библиотека [backup] успешно импортирована
[2026-04-22 20:26:19] [DEBUG] Модуль [backup] инициализирован.
[2026-04-22 20:26:19] [DEBUG] Библиотека [installer] успешно импортирована
[2026-04-22 20:26:19] [DEBUG] Модуль [installer] инициализирован.
[2026-04-22 20:26:19] [DEBUG] Библиотека [transaction] успешно импортирована
[2026-04-22 20:26:19] [DEBUG] Модуль [transaction] инициализирован.
[2026-04-22 20:26:19] [DEBUG] Библиотека [provisioner] успешно импортирована
[2026-04-22 20:26:19] [DEBUG] Модуль [provisioner] инициализирован.
[2026-04-22 20:26:19] [DEBUG] Ядро системы инициализировано. Strict mode: ON.
[2026-04-22 20:26:19] [INFO] --- Ядро успешно подключено в защищенном режиме. ---
[2026-04-22 20:26:19] [INFO] >>> НАЧАЛО РАЗВЕРТЫВАНИЯ FIREWALL (nftables)  <<<-
[2026-04-22 20:26:19] [INFO] --- Проверка наличия прав root ---
[2026-04-22 20:26:19] [INFO] --- Загрузка переменных из настроек приложения ---
[2026-04-22 20:26:19] [DEBUG] Загрузка переменных окружения из: /home/aleksandr_ruban/projects/default/config/nftables/nftables.env
[2026-04-22 20:26:19] [OK] Файл окружения [/home/aleksandr_ruban/projects/default/config/nftables/nftables.env] успешно применен.
[2026-04-22 20:26:19] [INFO] --- Проверка и автоматическое определение интерфейса ---
[2026-04-22 20:26:19] [INFO] --- Установка Firewall (nftables) и зависимостей ---
[2026-04-22 20:26:19] [INFO] Анализ зависимостей nftables rsyslog
[2026-04-22 20:26:19] [DEBUG] Пакет [nftables] уже присутствует в системе.
[2026-04-22 20:26:19] [DEBUG] Пакет [rsyslog] уже присутствует в системе.
[2026-04-22 20:26:19] [OK] Все зависимости уже удовлетворены.
[2026-04-22 20:26:19] [INFO] === ИНИЦИАЛИЗАЦИЯ ТРАНЗАКЦИИ ===
[2026-04-22 20:26:19] [INFO] === ЗАПУСК BACKUP ===
[2026-04-22 20:26:19] [DEBUG] Модуль бэкапа готов. Проект: nftables
[2026-04-22 20:26:19] [DEBUG] Путь не задан, создаю временную директорию...
[2026-04-22 20:26:19] [DEBUG] Используется существующее хранилище бэкапов: /home/aleksandr_ruban/projects/default/var/backups
[2026-04-22 20:26:19] [WARN] Связка 'tar -I 'zstd -T0'' + '.tar.zst' не работает (ошибка флагов).
[2026-04-22 20:26:19] [INFO] Переключаюсь на стандартный gzip: tar -cz
[2026-04-22 20:26:19] [INFO] === Инициализация бэкапа завершена ===
[2026-04-22 20:26:19] [INFO] --- Создаем backup версию ---
[2026-04-22 20:26:19] [INFO] --- Настройка инфраструктуры Firewall (nftables) ---
[2026-04-22 20:26:19] [INFO] >>> Настройка: Папка логов NFTables [/var/log/nftables]
[2026-04-22 20:26:19] [DEBUG] Объект готов: /var/log/nftables (dir, syslog:adm, 750)}
[2026-04-22 20:26:19] [INFO] >>> Настройка: Файл логов NFTables [/var/log/nftables/nftables.log]
[2026-04-22 20:26:19] [DEBUG] Объект готов: /var/log/nftables/nftables.log (file, syslog:adm, 640)}
[2026-04-22 20:26:19] [INFO] >>> Настройка: Настройка логирования Firewall (local0) [/etc/rsyslog.d/nftables.conf]
[2026-04-22 20:26:19] [DEBUG] Объект готов: /etc/rsyslog.d/nftables.conf (file, root:root, 644)}
[2026-04-22 20:26:19] [OK] Конфиг обновлен: /etc/rsyslog.d/nftables.conf
[2026-04-22 20:26:19] [INFO] >>> Настройка: Настройка ротация файлов логирования Firewall [/etc/logrotate.d/nftables]
[2026-04-22 20:26:19] [DEBUG] Объект готов: /etc/logrotate.d/nftables (file, root:root, 644)}
[2026-04-22 20:26:19] [OK] Конфиг обновлен: /etc/logrotate.d/nftables
[2026-04-22 20:26:19] [INFO] >>> Настройка: Конфигурация правил NFTABLES [/etc/nftables.conf]
[2026-04-22 20:26:19] [DEBUG] Объект готов: /etc/nftables.conf (file, root:root, 750)}
[2026-04-22 20:26:19] [OK] Конфиг обновлен: /etc/nftables.conf
[2026-04-22 20:26:19] [INFO] >>> Настройка: Настройка ядра для форвардинга [/etc/sysctl.d/99-nftables-router.conf]
[2026-04-22 20:26:19] [DEBUG] Объект готов: /etc/sysctl.d/99-nftables-router.conf (file, root:root, 644)}
[2026-04-22 20:26:19] [OK] Конфиг обновлен: /etc/sysctl.d/99-nftables-router.conf
[2026-04-22 20:26:19] [INFO] Валидация NFTables...
[2026-04-22 20:26:19] [INFO] Валидация Rsyslog...
[2026-04-22 20:26:19] [OK] Все тесты пройдены. Фиксация изменений...
[2026-04-22 20:26:19] [DEBUG] Модуль бэкапа готов. Проект: nftables
[2026-04-22 20:26:19] [INFO] Создание целевой директории: /home/aleksandr_ruban/projects/default/var/backups/nftables
[2026-04-22 20:26:19] [WARN] Временный каталог пуст. Бэкап не будет создан.
[2026-04-22 20:26:19] [INFO] === ФИКСАЦИЯ ИЗМЕНЕНИЙ (COMMIT) ===
[2026-04-22 20:26:19] [OK] === ТРАНЗАКЦИЯ ЗАВЕРШЕНА УСПЕШНО ===
[2026-04-22 20:26:19] [INFO] --- Активация и проверка сервисов ---
[2026-04-22 20:26:20] [DEBUG] Synchronizing state of rsyslog.service with SysV service script with /lib/systemd/systemd-sysv-install.
Executing: /lib/systemd/systemd-sysv-install enable rsyslog
[2026-04-22 20:26:20] [OK] Служба [rsyslog] успешно запущена и добавлена в автозагрузку.
[2026-04-22 20:26:20] [DEBUG] [no message]
[2026-04-22 20:26:20] [OK] Служба [nftables] успешно запущена и добавлена в автозагрузку.
[2026-04-22 20:26:20] [INFO] >>> ЗАВЕРШЕНИЕ РАЗВЕРТЫВАНИЯ FIREWALL (nftables) <<<
